app/build/intermediates/manifest_merge_blame_file/release/manifest-merger-blame-release-report.txt
1<?xml version="1.0" encoding="utf-8"?>
2<manifest xmlns:android="http://schemas.android.com/apk/res/android"
3    package="com.db.kitchencenter"
4    android:versionCode="4"
5    android:versionName="1.3" >
6
7    <uses-sdk
8        android:minSdkVersion="23"
8-->src\main\AndroidManifest.xml
9        android:targetSdkVersion="32" />
9-->src\main\AndroidManifest.xml
10
11    <uses-permission android:name="android.permission.INTERNET" />
11-->src\main\AndroidManifest.xml:6:5-67
11-->src\main\AndroidManifest.xml:6:22-64
12    <uses-permission android:name="android.permission.WAKE_LOCK" />
12-->src\main\AndroidManifest.xml:7:5-68
12-->src\main\AndroidManifest.xml:7:22-65
13    <uses-permission android:name="android.permission.WRITE_EXTERNAL_STORAGE" />
13-->src\main\AndroidManifest.xml:8:5-81
13-->src\main\AndroidManifest.xml:8:22-78
14    <uses-permission android:name="android.permission.ACCESS_NETWORK_STATE" />
14-->src\main\AndroidManifest.xml:9:5-79
14-->src\main\AndroidManifest.xml:9:22-76
15    <uses-permission android:name="android.permission.RECEIVE_BOOT_COMPLETED" />
15-->src\main\AndroidManifest.xml:10:5-81
15-->src\main\AndroidManifest.xml:10:22-78
16    <uses-permission android:name="android.permission.VIBRATE" />
16-->src\main\AndroidManifest.xml:11:5-66
16-->src\main\AndroidManifest.xml:11:22-63
17    <uses-permission android:name="android.permission.GET_ACCOUNTS" />
17-->src\main\AndroidManifest.xml:12:5-71
17-->src\main\AndroidManifest.xml:12:22-68
18
19    <!-- Required by older versions of Google Play services to create IID tokens -->
20    <uses-permission android:name="com.google.android.c2dm.permission.RECEIVE" />
20-->[com.google.firebase:firebase-messaging:22.0.0] AndroidManifest.xml:25:5-82
20-->[com.google.firebase:firebase-messaging:22.0.0] AndroidManifest.xml:25:22-79
21    <uses-permission android:name="com.google.android.finsky.permission.BIND_GET_INSTALL_REFERRER_SERVICE" />
21-->[com.google.android.gms:play-services-measurement:21.1.1] AndroidManifest.xml:26:5-110
21-->[com.google.android.gms:play-services-measurement:21.1.1] AndroidManifest.xml:26:22-107
22    <uses-permission android:name="com.google.android.gms.permission.AD_ID" />
22-->[com.google.android.gms:play-services-measurement-impl:21.1.1] AndroidManifest.xml:27:5-79
22-->[com.google.android.gms:play-services-measurement-impl:21.1.1] AndroidManifest.xml:27:22-76
23
24    <application
24-->src\main\AndroidManifest.xml:15:5-85:19
25        android:name="com.db.kitchencenter.App"
25-->src\main\AndroidManifest.xml:16:9-28
26        android:allowBackup="true"
26-->src\main\AndroidManifest.xml:17:9-35
27        android:appComponentFactory="androidx.core.app.CoreComponentFactory"
27-->[androidx.core:core:1.5.0] AndroidManifest.xml:24:18-86
28        android:icon="@drawable/appicon"
28-->src\main\AndroidManifest.xml:18:9-41
29        android:label="@string/app_name"
29-->src\main\AndroidManifest.xml:19:9-41
30        android:theme="@style/AppTheme"
30-->src\main\AndroidManifest.xml:20:9-40
31        android:usesCleartextTraffic="true" >
31-->src\main\AndroidManifest.xml:21:9-44
32        <activity
32-->src\main\AndroidManifest.xml:23:9-29:20
33            android:name="com.db.kitchencenter.activity.NewWebviewActivity"
33-->src\main\AndroidManifest.xml:24:13-56
34            android:exported="false" >
34-->src\main\AndroidManifest.xml:25:13-37
35            <meta-data
35-->src\main\AndroidManifest.xml:26:13-28:36
36                android:name="android.app.lib_name"
36-->src\main\AndroidManifest.xml:27:17-52
37                android:value="" />
37-->src\main\AndroidManifest.xml:28:17-33
38        </activity>
39        <activity
39-->src\main\AndroidManifest.xml:30:9-36:58
40            android:name="com.db.kitchencenter.activity.MainActivity"
40-->src\main\AndroidManifest.xml:31:13-50
41            android:configChanges="keyboardHidden|keyboard|orientation|screenSize"
41-->src\main\AndroidManifest.xml:32:13-83
42            android:exported="true"
42-->src\main\AndroidManifest.xml:33:13-36
43            android:hardwareAccelerated="true"
43-->src\main\AndroidManifest.xml:34:13-47
44            android:label="@string/app_name"
44-->src\main\AndroidManifest.xml:35:13-45
45            android:windowSoftInputMode="adjustResize" />
45-->src\main\AndroidManifest.xml:36:13-55
46
47        <meta-data
47-->src\main\AndroidManifest.xml:38:9-40:36
48            android:name="com.google.android.gms.ads.AD_MANAGER_APP"
48-->src\main\AndroidManifest.xml:39:13-69
49            android:value="true" />
49-->src\main\AndroidManifest.xml:40:13-33
50
51        <service
51-->src\main\AndroidManifest.xml:42:9-50:19
52            android:name="com.db.kitchencenter.FirebaseMessageReceiver"
52-->src\main\AndroidManifest.xml:43:13-52
53            android:exported="false"
53-->src\main\AndroidManifest.xml:44:13-37
54            android:permission="TODO"
54-->src\main\AndroidManifest.xml:45:13-38
55            android:stopWithTask="false" >
55-->src\main\AndroidManifest.xml:46:13-41
56            <intent-filter>
56-->src\main\AndroidManifest.xml:47:13-49:29
57                <action android:name="com.google.firebase.MESSAGING_EVENT" />
57-->src\main\AndroidManifest.xml:48:17-78
57-->src\main\AndroidManifest.xml:48:25-75
58            </intent-filter>
59        </service>
60
61        <activity
61-->src\main\AndroidManifest.xml:52:9-54:48
62            android:name="com.db.kitchencenter.activity.SecondActivity"
62-->src\main\AndroidManifest.xml:53:13-52
63            android:exported="true" />
63-->src\main\AndroidManifest.xml:54:13-36
64        <activity
64-->src\main\AndroidManifest.xml:55:9-66:20
65            android:name="com.db.kitchencenter.activity.FCMHandleActivity"
65-->src\main\AndroidManifest.xml:56:13-55
66            android:exported="true"
66-->src\main\AndroidManifest.xml:57:13-36
67            android:launchMode="singleTask"
67-->src\main\AndroidManifest.xml:58:13-44
68            android:screenOrientation="portrait"
68-->src\main\AndroidManifest.xml:59:13-49
69            android:windowSoftInputMode="stateHidden" >
69-->src\main\AndroidManifest.xml:60:13-54
70            <intent-filter>
70-->src\main\AndroidManifest.xml:61:13-65:29
71                <action android:name="FCMHandleActivity" />
71-->src\main\AndroidManifest.xml:62:17-60
71-->src\main\AndroidManifest.xml:62:25-57
72
73                <category android:name="android.intent.category.DEFAULT" />
73-->src\main\AndroidManifest.xml:64:17-76
73-->src\main\AndroidManifest.xml:64:27-73
74            </intent-filter>
75        </activity>
76        <activity
76-->src\main\AndroidManifest.xml:67:9-84:20
77            android:name="com.db.kitchencenter.activity.Splash_Activity"
77-->src\main\AndroidManifest.xml:68:13-53
78            android:exported="true" >
78-->src\main\AndroidManifest.xml:69:13-36
79            <intent-filter>
79-->src\main\AndroidManifest.xml:70:13-74:29
80                <action android:name="android.intent.action.MAIN" />
80-->src\main\AndroidManifest.xml:71:17-69
80-->src\main\AndroidManifest.xml:71:25-66
81
82                <category android:name="android.intent.category.LAUNCHER" />
82-->src\main\AndroidManifest.xml:73:17-77
82-->src\main\AndroidManifest.xml:73:27-74
83            </intent-filter>
84            <intent-filter>
84-->src\main\AndroidManifest.xml:75:13-83:29
85                <action android:name="android.intent.action.VIEW" />
85-->src\main\AndroidManifest.xml:76:17-69
85-->src\main\AndroidManifest.xml:76:25-66
86
87                <category android:name="android.intent.category.DEFAULT" />
87-->src\main\AndroidManifest.xml:64:17-76
87-->src\main\AndroidManifest.xml:64:27-73
88                <category android:name="android.intent.category.BROWSABLE" />
88-->src\main\AndroidManifest.xml:79:17-78
88-->src\main\AndroidManifest.xml:79:27-75
89
90                <data android:scheme="https" />
90-->src\main\AndroidManifest.xml:81:17-48
90-->src\main\AndroidManifest.xml:81:23-45
91                <data android:host="kitchencenter.developerbrothersproject.com" />
91-->src\main\AndroidManifest.xml:81:17-48
91-->src\main\AndroidManifest.xml:82:23-80
92            </intent-filter>
93        </activity>
94
95        <receiver
95-->[com.google.firebase:firebase-messaging:22.0.0] AndroidManifest.xml:28:9-35:20
96            android:name="com.google.firebase.iid.FirebaseInstanceIdReceiver"
96-->[com.google.firebase:firebase-messaging:22.0.0] AndroidManifest.xml:29:13-78
97            android:exported="true"
97-->[com.google.firebase:firebase-messaging:22.0.0] AndroidManifest.xml:30:13-36
98            android:permission="com.google.android.c2dm.permission.SEND" >
98-->[com.google.firebase:firebase-messaging:22.0.0] AndroidManifest.xml:31:13-73
99            <intent-filter>
99-->[com.google.firebase:firebase-messaging:22.0.0] AndroidManifest.xml:32:13-34:29
100                <action android:name="com.google.android.c2dm.intent.RECEIVE" />
100-->[com.google.firebase:firebase-messaging:22.0.0] AndroidManifest.xml:33:17-81
100-->[com.google.firebase:firebase-messaging:22.0.0] AndroidManifest.xml:33:25-78
101            </intent-filter>
102        </receiver>
103        <!--
104             FirebaseMessagingService performs security checks at runtime,
105             but set to not exported to explicitly avoid allowing another app to call it.
106        -->
107        <service
107-->[com.google.firebase:firebase-messaging:22.0.0] AndroidManifest.xml:41:9-48:19
108            android:name="com.google.firebase.messaging.FirebaseMessagingService"
108-->[com.google.firebase:firebase-messaging:22.0.0] AndroidManifest.xml:42:13-82
109            android:directBootAware="true"
109-->[com.google.firebase:firebase-messaging:22.0.0] AndroidManifest.xml:43:13-43
110            android:exported="false" >
110-->[com.google.firebase:firebase-messaging:22.0.0] AndroidManifest.xml:44:13-37
111            <intent-filter android:priority="-500" >
111-->src\main\AndroidManifest.xml:47:13-49:29
112                <action android:name="com.google.firebase.MESSAGING_EVENT" />
112-->src\main\AndroidManifest.xml:48:17-78
112-->src\main\AndroidManifest.xml:48:25-75
113            </intent-filter>
114        </service>
115        <service
115-->[com.google.firebase:firebase-messaging:22.0.0] AndroidManifest.xml:49:9-55:19
116            android:name="com.google.firebase.components.ComponentDiscoveryService"
116-->[com.google.firebase:firebase-messaging:22.0.0] AndroidManifest.xml:50:13-84
117            android:directBootAware="true"
117-->[com.google.firebase:firebase-common:20.1.2] AndroidManifest.xml:35:13-43
118            android:exported="false" >
118-->[com.google.firebase:firebase-messaging:22.0.0] AndroidManifest.xml:51:13-37
119            <meta-data
119-->[com.google.firebase:firebase-messaging:22.0.0] AndroidManifest.xml:52:13-54:85
120                android:name="com.google.firebase.components:com.google.firebase.messaging.FirebaseMessagingRegistrar"
120-->[com.google.firebase:firebase-messaging:22.0.0] AndroidManifest.xml:53:17-119
121                android:value="com.google.firebase.components.ComponentRegistrar" />
121-->[com.google.firebase:firebase-messaging:22.0.0] AndroidManifest.xml:54:17-82
122            <meta-data
122-->[com.google.firebase:firebase-storage:20.0.2] AndroidManifest.xml:33:13-35:85
123                android:name="com.google.firebase.components:com.google.firebase.storage.StorageRegistrar"
123-->[com.google.firebase:firebase-storage:20.0.2] AndroidManifest.xml:34:17-107
124                android:value="com.google.firebase.components.ComponentRegistrar" />
124-->[com.google.firebase:firebase-storage:20.0.2] AndroidManifest.xml:35:17-82
125            <meta-data
125-->[com.google.android.gms:play-services-measurement-api:21.1.1] AndroidManifest.xml:31:13-33:85
126                android:name="com.google.firebase.components:com.google.firebase.analytics.connector.internal.AnalyticsConnectorRegistrar"
126-->[com.google.android.gms:play-services-measurement-api:21.1.1] AndroidManifest.xml:32:17-139
127                android:value="com.google.firebase.components.ComponentRegistrar" />
127-->[com.google.android.gms:play-services-measurement-api:21.1.1] AndroidManifest.xml:33:17-82
128            <meta-data
128-->[com.google.firebase:firebase-installations:17.0.1] AndroidManifest.xml:18:13-20:85
129                android:name="com.google.firebase.components:com.google.firebase.installations.FirebaseInstallationsRegistrar"
129-->[com.google.firebase:firebase-installations:17.0.1] AndroidManifest.xml:19:17-127
130                android:value="com.google.firebase.components.ComponentRegistrar" />
130-->[com.google.firebase:firebase-installations:17.0.1] AndroidManifest.xml:20:17-82
131            <meta-data
131-->[com.google.firebase:firebase-datatransport:18.0.0] AndroidManifest.xml:28:13-30:85
132                android:name="com.google.firebase.components:com.google.firebase.datatransport.TransportRegistrar"
132-->[com.google.firebase:firebase-datatransport:18.0.0] AndroidManifest.xml:29:17-115
133                android:value="com.google.firebase.components.ComponentRegistrar" />
133-->[com.google.firebase:firebase-datatransport:18.0.0] AndroidManifest.xml:30:17-82
134        </service>
135
136        <receiver
136-->[com.google.android.gms:play-services-measurement:21.1.1] AndroidManifest.xml:29:9-33:20
137            android:name="com.google.android.gms.measurement.AppMeasurementReceiver"
137-->[com.google.android.gms:play-services-measurement:21.1.1] AndroidManifest.xml:30:13-85
138            android:enabled="true"
138-->[com.google.android.gms:play-services-measurement:21.1.1] AndroidManifest.xml:31:13-35
139            android:exported="false" >
139-->[com.google.android.gms:play-services-measurement:21.1.1] AndroidManifest.xml:32:13-37
140        </receiver>
141
142        <service
142-->[com.google.android.gms:play-services-measurement:21.1.1] AndroidManifest.xml:35:9-38:40
143            android:name="com.google.android.gms.measurement.AppMeasurementService"
143-->[com.google.android.gms:play-services-measurement:21.1.1] AndroidManifest.xml:36:13-84
144            android:enabled="true"
144-->[com.google.android.gms:play-services-measurement:21.1.1] AndroidManifest.xml:37:13-35
145            android:exported="false" />
145-->[com.google.android.gms:play-services-measurement:21.1.1] AndroidManifest.xml:38:13-37
146        <service
146-->[com.google.android.gms:play-services-measurement:21.1.1] AndroidManifest.xml:39:9-43:72
147            android:name="com.google.android.gms.measurement.AppMeasurementJobService"
147-->[com.google.android.gms:play-services-measurement:21.1.1] AndroidManifest.xml:40:13-87
148            android:enabled="true"
148-->[com.google.android.gms:play-services-measurement:21.1.1] AndroidManifest.xml:41:13-35
149            android:exported="false"
149-->[com.google.android.gms:play-services-measurement:21.1.1] AndroidManifest.xml:42:13-37
150            android:permission="android.permission.BIND_JOB_SERVICE" />
150-->[com.google.android.gms:play-services-measurement:21.1.1] AndroidManifest.xml:43:13-69
151
152        <activity
152-->[com.google.android.gms:play-services-base:18.0.1] AndroidManifest.xml:20:9-22:45
153            android:name="com.google.android.gms.common.api.GoogleApiActivity"
153-->[com.google.android.gms:play-services-base:18.0.1] AndroidManifest.xml:20:19-85
154            android:exported="false"
154-->[com.google.android.gms:play-services-base:18.0.1] AndroidManifest.xml:22:19-43
155            android:theme="@android:style/Theme.Translucent.NoTitleBar" /> <!-- Include the AdActivity and InAppPurchaseActivity configChanges and themes. -->
155-->[com.google.android.gms:play-services-base:18.0.1] AndroidManifest.xml:21:19-78
156        <activity
156-->[com.google.android.gms:play-services-ads-lite:18.3.0] AndroidManifest.xml:29:9-33:64
157            android:name="com.google.android.gms.ads.AdActivity"
157-->[com.google.android.gms:play-services-ads-lite:18.3.0] AndroidManifest.xml:30:13-65
158            android:configChanges="keyboard|keyboardHidden|orientation|screenLayout|uiMode|screenSize|smallestScreenSize"
158-->[com.google.android.gms:play-services-ads-lite:18.3.0] AndroidManifest.xml:31:13-122
159            android:exported="false"
159-->[com.google.android.gms:play-services-ads-lite:18.3.0] AndroidManifest.xml:32:13-37
160            android:theme="@android:style/Theme.Translucent" />
160-->[com.google.android.gms:play-services-ads-lite:18.3.0] AndroidManifest.xml:33:13-61
161
162        <provider
162-->[com.google.android.gms:play-services-ads-lite:18.3.0] AndroidManifest.xml:35:9-39:39
163            android:name="com.google.android.gms.ads.MobileAdsInitProvider"
163-->[com.google.android.gms:play-services-ads-lite:18.3.0] AndroidManifest.xml:36:13-76
164            android:authorities="com.db.kitchencenter.mobileadsinitprovider"
164-->[com.google.android.gms:play-services-ads-lite:18.3.0] AndroidManifest.xml:37:13-73
165            android:exported="false"
165-->[com.google.android.gms:play-services-ads-lite:18.3.0] AndroidManifest.xml:38:13-37
166            android:initOrder="100" />
166-->[com.google.android.gms:play-services-ads-lite:18.3.0] AndroidManifest.xml:39:13-36
167        <provider
167-->[com.google.firebase:firebase-common:20.1.2] AndroidManifest.xml:26:9-31:39
168            android:name="com.google.firebase.provider.FirebaseInitProvider"
168-->[com.google.firebase:firebase-common:20.1.2] AndroidManifest.xml:27:13-77
169            android:authorities="com.db.kitchencenter.firebaseinitprovider"
169-->[com.google.firebase:firebase-common:20.1.2] AndroidManifest.xml:28:13-72
170            android:directBootAware="true"
170-->[com.google.firebase:firebase-common:20.1.2] AndroidManifest.xml:29:13-43
171            android:exported="false"
171-->[com.google.firebase:firebase-common:20.1.2] AndroidManifest.xml:30:13-37
172            android:initOrder="100" />
172-->[com.google.firebase:firebase-common:20.1.2] AndroidManifest.xml:31:13-36
173
174        <meta-data
174-->[com.google.android.gms:play-services-basement:18.1.0] AndroidManifest.xml:21:9-23:69
175            android:name="com.google.android.gms.version"
175-->[com.google.android.gms:play-services-basement:18.1.0] AndroidManifest.xml:22:13-58
176            android:value="@integer/google_play_services_version" />
176-->[com.google.android.gms:play-services-basement:18.1.0] AndroidManifest.xml:23:13-66
177
178        <service
178-->[com.google.android.datatransport:transport-backend-cct:3.0.0] AndroidManifest.xml:29:9-35:19
179            android:name="com.google.android.datatransport.runtime.backends.TransportBackendDiscovery"
179-->[com.google.android.datatransport:transport-backend-cct:3.0.0] AndroidManifest.xml:30:13-103
180            android:exported="false" >
180-->[com.google.android.datatransport:transport-backend-cct:3.0.0] AndroidManifest.xml:31:13-37
181            <meta-data
181-->[com.google.android.datatransport:transport-backend-cct:3.0.0] AndroidManifest.xml:32:13-34:39
182                android:name="backend:com.google.android.datatransport.cct.CctBackendFactory"
182-->[com.google.android.datatransport:transport-backend-cct:3.0.0] AndroidManifest.xml:33:17-94
183                android:value="cct" />
183-->[com.google.android.datatransport:transport-backend-cct:3.0.0] AndroidManifest.xml:34:17-36
184        </service>
185        <service
185-->[com.google.android.datatransport:transport-runtime:3.0.0] AndroidManifest.xml:26:9-30:19
186            android:name="com.google.android.datatransport.runtime.scheduling.jobscheduling.JobInfoSchedulerService"
186-->[com.google.android.datatransport:transport-runtime:3.0.0] AndroidManifest.xml:27:13-117
187            android:exported="false"
187-->[com.google.android.datatransport:transport-runtime:3.0.0] AndroidManifest.xml:28:13-37
188            android:permission="android.permission.BIND_JOB_SERVICE" >
188-->[com.google.android.datatransport:transport-runtime:3.0.0] AndroidManifest.xml:29:13-69
189        </service>
190
191        <receiver
191-->[com.google.android.datatransport:transport-runtime:3.0.0] AndroidManifest.xml:32:9-34:40
192            android:name="com.google.android.datatransport.runtime.scheduling.jobscheduling.AlarmManagerSchedulerBroadcastReceiver"
192-->[com.google.android.datatransport:transport-runtime:3.0.0] AndroidManifest.xml:33:13-132
193            android:exported="false" />
193-->[com.google.android.datatransport:transport-runtime:3.0.0] AndroidManifest.xml:34:13-37
194    </application>
195
196</manifest>